kotlin version: 1.9.22
error message: org.jetbrains.kotlin.util.KotlinFrontEndException: Exception while analyzing expression in (50,22) in E:/MY HARD W0RK/NITH/HackSecureMessenger/app/src/main/java/com/hacksecure/messenger/presentation/ui/screens/QrScanAndSettingsScreens.kt

Attachments:
causeThrowable
java.io.FileNotFoundException: E:\MY HARD W0RK\NITH\HackSecureMessenger\app\build\tmp\kotlin-classes\release\com\cryptika\messenger\presentation\viewmodel\ScanState.class (The system cannot find the path specified)
	at java.base/java.io.FileInputStream.open0(Native Method)
	at java.base/java.io.FileInputStream.open(FileInputStream.java:216)
	at java.base/java.io.FileInputStream.<init>(FileInputStream.java:157)
	at org.jetbrains.kotlin.com.intellij.openapi.util.io.FileUtil.loadFileBytes(FileUtil.java:204)
	at org.jetbrains.kotlin.com.intellij.openapi.vfs.local.CoreLocalVirtualFile.contentsToByteArray(CoreLocalVirtualFile.java:98)
	at org.jetbrains.kotlin.cli.jvm.compiler.KotlinCliJavaFileManagerImpl.findClass(KotlinCliJavaFileManagerImpl.kt:127)
	at org.jetbrains.kotlin.resolve.jvm.KotlinJavaPsiFacade$CliFinder.findClass(KotlinJavaPsiFacade.java:535)
	at org.jetbrains.kotlin.resolve.jvm.KotlinJavaPsiFacade.findClass(KotlinJavaPsiFacade.java:187)
	at org.jetbrains.kotlin.load.java.JavaClassFinderImpl.findClass(JavaClassFinderImpl.kt:46)
	at org.jetbrains.kotlin.load.java.lazy.descriptors.LazyJavaPackageScope$classes$1.invoke(LazyJavaPackageScope.kt:81)
	at org.jetbrains.kotlin.load.java.lazy.descriptors.LazyJavaPackageScope$classes$1.invoke(LazyJavaPackageScope.kt:59)
	at org.jetbrains.kotlin.storage.LockBasedStorageManager$MapBasedMemoizedFunction.invoke(LockBasedStorageManager.java:578)
	at org.jetbrains.kotlin.load.java.lazy.descriptors.LazyJavaPackageScope.findClassifier(LazyJavaPackageScope.kt:146)
	at org.jetbrains.kotlin.load.java.lazy.descriptors.LazyJavaPackageScope.getContributedClassifier(LazyJavaPackageScope.kt:136)
	at org.jetbrains.kotlin.load.java.lazy.descriptors.JvmPackageScope.getContributedClassifier(JvmPackageScope.kt:55)
	at org.jetbrains.kotlin.resolve.scopes.ChainedMemberScope.getContributedClassifier(ChainedMemberScope.kt:35)
	at org.jetbrains.kotlin.resolve.scopes.AbstractScopeAdapter.getContributedClassifier(AbstractScopeAdapter.kt:44)
	at org.jetbrains.kotlin.descriptors.FindClassInModuleKt.findClassifierAcrossModuleDependencies(findClassInModule.kt:26)
	at org.jetbrains.kotlin.serialization.deserialization.TypeDeserializer.computeClassifierDescriptor(TypeDeserializer.kt:263)
	at org.jetbrains.kotlin.serialization.deserialization.TypeDeserializer.access$computeClassifierDescriptor(TypeDeserializer.kt:28)
	at org.jetbrains.kotlin.serialization.deserialization.TypeDeserializer$classifierDescriptors$1.invoke(TypeDeserializer.kt:37)
	at org.jetbrains.kotlin.serialization.deserialization.TypeDeserializer$classifierDescriptors$1.invoke(TypeDeserializer.kt:36)
	at org.jetbrains.kotlin.storage.LockBasedStorageManager$MapBasedMemoizedFunction.invoke(LockBasedStorageManager.java:578)
	at org.jetbrains.kotlin.serialization.deserialization.TypeDeserializer.typeConstructor(TypeDeserializer.kt:156)
	at org.jetbrains.kotlin.serialization.deserialization.TypeDeserializer.simpleType(TypeDeserializer.kt:91)
	at org.jetbrains.kotlin.serialization.deserialization.TypeDeserializer.type(TypeDeserializer.kt:68)
	at org.jetbrains.kotlin.serialization.deserialization.TypeDeserializer.typeArgument(TypeDeserializer.kt:295)
	at org.jetbrains.kotlin.serialization.deserialization.TypeDeserializer.simpleType(TypeDeserializer.kt:106)
	at org.jetbrains.kotlin.serialization.deserialization.TypeDeserializer.type(TypeDeserializer.kt:68)
	at org.jetbrains.kotlin.serialization.deserialization.MemberDeserializer.loadProperty(MemberDeserializer.kt:57)
	at org.jetbrains.kotlin.serialization.deserialization.descriptors.DeserializedMemberScope$OptimizedImplementation.computeProperties(DeserializedMemberScope.kt:314)
	at org.jetbrains.kotlin.serialization.deserialization.descriptors.DeserializedMemberScope$OptimizedImplementation.access$computeProperties(DeserializedMemberScope.kt:228)
	at org.jetbrains.kotlin.serialization.deserialization.descriptors.DeserializedMemberScope$OptimizedImplementation$properties$1.invoke(DeserializedMemberScope.kt:253)
	at org.jetbrains.kotlin.serialization.deserialization.descriptors.DeserializedMemberScope$OptimizedImplementation$properties$1.invoke(DeserializedMemberScope.kt:253)
	at org.jetbrains.kotlin.storage.LockBasedStorageManager$MapBasedMemoizedFunction.invoke(LockBasedStorageManager.java:578)
	at org.jetbrains.kotlin.storage.LockBasedStorageManager$MapBasedMemoizedFunctionToNotNull.invoke(LockBasedStorageManager.java:681)
	at org.jetbrains.kotlin.serialization.deserialization.descriptors.DeserializedMemberScope$OptimizedImplementation.getContributedVariables(DeserializedMemberScope.kt:338)
	at org.jetbrains.kotlin.serialization.deserialization.descriptors.DeserializedMemberScope.getContributedVariables(DeserializedMemberScope.kt:99)
	at org.jetbrains.kotlin.serialization.deserialization.descriptors.DeserializedClassDescriptor$DeserializedClassMemberScope.getContributedVariables(DeserializedClassDescriptor.kt:296)
	at org.jetbrains.kotlin.resolve.calls.tower.TowerLevelsKt.getContributedVariablesAndIntercept(TowerLevels.kt:498)
	at org.jetbrains.kotlin.resolve.calls.tower.TowerLevelsKt.access$getContributedVariablesAndIntercept(TowerLevels.kt:1)
	at org.jetbrains.kotlin.resolve.calls.tower.MemberScopeTowerLevel$getVariables$1.invoke(TowerLevels.kt:179)
	at org.jetbrains.kotlin.resolve.calls.tower.MemberScopeTowerLevel$getVariables$1.invoke(TowerLevels.kt:179)
	at org.jetbrains.kotlin.resolve.calls.tower.MemberScopeTowerLevel.collectMembers(TowerLevels.kt:106)
	at org.jetbrains.kotlin.resolve.calls.tower.MemberScopeTowerLevel.getVariables(TowerLevels.kt:179)
	at org.jetbrains.kotlin.resolve.calls.tower.ScopeTowerProcessorsKt$createVariableProcessor$1.invoke(ScopeTowerProcessors.kt:291)
	at org.jetbrains.kotlin.resolve.calls.tower.ScopeTowerProcessorsKt$createVariableProcessor$1.invoke(ScopeTowerProcessors.kt:291)
	at org.jetbrains.kotlin.resolve.calls.tower.ExplicitReceiverScopeTowerProcessor.simpleProcess(ScopeTowerProcessors.kt:148)
	at org.jetbrains.kotlin.resolve.calls.tower.SimpleScopeTowerProcessor.process(ScopeTowerProcessors.kt:109)
	at org.jetbrains.kotlin.resolve.calls.tower.VariableAndObjectScopeTowerProcessor.process(ScopeTowerProcessors.kt:54)
	at org.jetbrains.kotlin.resolve.calls.tower.TowerResolver.processTowerData(TowerResolver.kt:383)
	at org.jetbrains.kotlin.resolve.calls.tower.TowerResolver.access$processTowerData(TowerResolver.kt:95)
	at org.jetbrains.kotlin.resolve.calls.tower.TowerResolver$Task.process(TowerResolver.kt:207)
	at org.jetbrains.kotlin.resolve.calls.tower.TowerResolver$Task.run(TowerResolver.kt:226)
	at org.jetbrains.kotlin.resolve.calls.tower.TowerResolver.run(TowerResolver.kt:114)
	at org.jetbrains.kotlin.resolve.calls.tower.TowerResolver.runResolve(TowerResolver.kt:101)
	at org.jetbrains.kotlin.resolve.calls.KotlinCallResolver.resolveCall(KotlinCallResolver.kt:184)
	at org.jetbrains.kotlin.resolve.calls.KotlinCallResolver.resolveAndCompleteCall(KotlinCallResolver.kt:41)
	at org.jetbrains.kotlin.resolve.calls.tower.PSICallResolver.runResolutionAndInference(PSICallResolver.kt:114)
	at org.jetbrains.kotlin.resolve.calls.CallResolver.doResolveCallOrGetCachedResults(CallResolver.java:602)
	at org.jetbrains.kotlin.resolve.calls.CallResolver.lambda$computeTasksAndResolveCall$0(CallResolver.java:213)
	at org.jetbrains.kotlin.util.PerformanceCounter.time(PerformanceCounter.kt:90)
	at org.jetbrains.kotlin.resolve.calls.CallResolver.computeTasksAndResolveCall(CallResolver.java:211)
	at org.jetbrains.kotlin.resolve.calls.CallResolver.computeTasksAndResolveCall(CallResolver.java:199)
	at org.jetbrains.kotlin.resolve.calls.CallResolver.resolveSimpleProperty(CallResolver.java:140)
	at org.jetbrains.kotlin.resolve.calls.CallExpressionResolver.getVariableType(CallExpressionResolver.kt:109)
	at org.jetbrains.kotlin.resolve.calls.CallExpressionResolver.getSimpleNameExpressionTypeInfo(CallExpressionResolver.kt:144)
	at org.jetbrains.kotlin.resolve.calls.CallExpressionResolver.getUnsafeSelectorTypeInfo(CallExpressionResolver.kt:335)
	at org.jetbrains.kotlin.resolve.calls.CallExpressionResolver.getSafeOrUnsafeSelectorTypeInfo(CallExpressionResolver.kt:382)
	at org.jetbrains.kotlin.resolve.calls.CallExpressionResolver.getQualifiedExpressionTypeInfo(CallExpressionResolver.kt:480)
	at org.jetbrains.kotlin.types.expressions.BasicExpressionTypingVisitor.visitQualifiedExpression(BasicExpressionTypingVisitor.java:725)
	at org.jetbrains.kotlin.types.expressions.ExpressionTypingVisitorDispatcher.visitQualifiedExpression(ExpressionTypingVisitorDispatcher.java:391)
	at org.jetbrains.kotlin.types.expressions.ExpressionTypingVisitorDispatcher$ForDeclarations.visitQualifiedExpression(ExpressionTypingVisitorDispatcher.java:47)
	at org.jetbrains.kotlin.psi.KtVisitor.visitDotQualifiedExpression(KtVisitor.java:306)
	at org.jetbrains.kotlin.psi.KtDotQualifiedExpression.accept(KtDotQualifiedExpression.kt:33)
	at org.jetbrains.kotlin.types.expressions.ExpressionTypingVisitorDispatcher.lambda$getTypeInfo$0(ExpressionTypingVisitorDispatcher.java:176)
	at org.jetbrains.kotlin.util.PerformanceCounter.time(PerformanceCounter.kt:90)
	at org.jetbrains.kotlin.types.expressions.ExpressionTypingVisitorDispatcher.getTypeInfo(ExpressionTypingVisitorDispatcher.java:165)
	at org.jetbrains.kotlin.types.expressions.ExpressionTypingVisitorDispatcher.getTypeInfo(ExpressionTypingVisitorDispatcher.java:135)
	at org.jetbrains.kotlin.types.expressions.ExpressionTypingVisitorDispatcher.getTypeInfo(ExpressionTypingVisitorDispatcher.java:147)
	at org.jetbrains.kotlin.types.expressions.ExpressionTypingServices.getTypeInfo(ExpressionTypingServices.java:121)
	at org.jetbrains.kotlin.resolve.DelegatedPropertyResolver.resolveWithNewInference(DelegatedPropertyResolver.kt:575)
	at org.jetbrains.kotlin.resolve.DelegatedPropertyResolver.resolveDelegateExpression(DelegatedPropertyResolver.kt:508)
	at org.jetbrains.kotlin.resolve.VariableTypeAndInitializerResolver$resolveDelegatedPropertyType$1.invoke(VariableTypeAndInitializerResolver.kt:154)
	at org.jetbrains.kotlin.resolve.VariableTypeAndInitializerResolver$resolveDelegatedPropertyType$1.invoke(VariableTypeAndInitializerResolver.kt:152)
	at org.jetbrains.kotlin.storage.LockBasedStorageManager$LockBasedLazyValue.invoke(LockBasedStorageManager.java:408)
	at org.jetbrains.kotlin.storage.LockBasedStorageManager$LockBasedNotNullLazyValue.invoke(LockBasedStorageManager.java:527)
	at org.jetbrains.kotlin.types.DeferredType.getDelegate(DeferredType.java:108)
	at org.jetbrains.kotlin.types.WrappedType.getAttributes(KotlinType.kt:135)
	at org.jetbrains.kotlin.types.KotlinType.getAnnotations(KotlinType.kt:57)
	at org.jetbrains.kotlin.resolve.LocalVariableResolver.resolveLocalVariableDescriptor(LocalVariableResolver.kt:208)
	at org.jetbrains.kotlin.resolve.LocalVariableResolver.process(LocalVariableResolver.kt:80)
	at org.jetbrains.kotlin.types.expressions.ExpressionTypingVisitorForStatements.visitProperty(ExpressionTypingVisitorForStatements.java:122)
	at org.jetbrains.kotlin.types.expressions.ExpressionTypingVisitorForStatements.visitProperty(ExpressionTypingVisitorForStatements.java:73)
	at org.jetbrains.kotlin.psi.KtProperty.accept(KtProperty.java:58)
	at org.jetbrains.kotlin.types.expressions.ExpressionTypingVisitorDispatcher.lambda$getTypeInfo$0(ExpressionTypingVisitorDispatcher.java:176)
	at org.jetbrains.kotlin.util.PerformanceCounter.time(PerformanceCounter.kt:90)
	at org.jetbrains.kotlin.types.expressions.ExpressionTypingVisitorDispatcher.getTypeInfo(ExpressionTypingVisitorDispatcher.java:165)
	at org.jetbrains.kotlin.types.expressions.ExpressionTypingVisitorDispatcher.getTypeInfo(ExpressionTypingVisitorDispatcher.java:148)
	at org.jetbrains.kotlin.types.expressions.ExpressionTypingServices.getBlockReturnedTypeWithWritableScope(ExpressionTypingServices.java:342)
	at org.jetbrains.kotlin.types.expressions.ExpressionTypingServices.getBlockReturnedType(ExpressionTypingServices.java:207)
	at org.jetbrains.kotlin.types.expressions.ExpressionTypingServices.getBlockReturnedType(ExpressionTypingServices.java:184)
	at org.jetbrains.kotlin.types.expressions.ExpressionTypingVisitorForStatements.visitBlockExpression(ExpressionTypingVisitorForStatements.java:586)
	at org.jetbrains.kotlin.types.expressions.ExpressionTypingVisitorForStatements.visitBlockExpression(ExpressionTypingVisitorForStatements.java:73)
	at org.jetbrains.kotlin.psi.KtBlockExpression.accept(KtBlockExpression.java:79)
	at org.jetbrains.kotlin.types.expressions.ExpressionTypingVisitorDispatcher.lambda$getTypeInfo$0(ExpressionTypingVisitorDispatcher.java:176)
	at org.jetbrains.kotlin.util.PerformanceCounter.time(PerformanceCounter.kt:90)
	at org.jetbrains.kotlin.types.expressions.ExpressionTypingVisitorDispatcher.getTypeInfo(ExpressionTypingVisitorDispatcher.java:165)
	at org.jetbrains.kotlin.types.expressions.ExpressionTypingVisitorDispatcher.getTypeInfo(ExpressionTypingVisitorDispatcher.java:148)
	at org.jetbrains.kotlin.types.expressions.ExpressionTypingServices.checkFunctionReturnType(ExpressionTypingServices.java:179)
	at org.jetbrains.kotlin.types.expressions.ExpressionTypingServices.checkFunctionReturnType(ExpressionTypingServices.java:166)
	at org.jetbrains.kotlin.resolve.BodyResolver.resolveFunctionBody(BodyResolver.java:1054)
	at org.jetbrains.kotlin.resolve.BodyResolver.resolveFunctionBody(BodyResolver.java:997)
	at org.jetbrains.kotlin.resolve.BodyResolver.resolveFunctionBodies(BodyResolver.java:982)
	at org.jetbrains.kotlin.resolve.BodyResolver.resolveBehaviorDeclarationBodies(BodyResolver.java:129)
	at org.jetbrains.kotlin.resolve.BodyResolver.resolveBodies(BodyResolver.java:256)
	at org.jetbrains.kotlin.resolve.LazyTopDownAnalyzer.analyzeDeclarations(LazyTopDownAnalyzer.kt:227)
	at org.jetbrains.kotlin.resolve.LazyTopDownAnalyzer.analyzeDeclarations$default(LazyTopDownAnalyzer.kt:58)
	at org.jetbrains.kotlin.cli.jvm.compiler.TopDownAnalyzerFacadeForJVM.analyzeFilesWithJavaIntegration(TopDownAnalyzerFacadeForJVM.kt:119)
	at org.jetbrains.kotlin.cli.jvm.compiler.TopDownAnalyzerFacadeForJVM.analyzeFilesWithJavaIntegration$default(TopDownAnalyzerFacadeForJVM.kt:77)
	at org.jetbrains.kotlin.cli.jvm.compiler.KotlinToJVMBytecodeCompiler$analyze$1.invoke(KotlinToJVMBytecodeCompiler.kt:256)
	at org.jetbrains.kotlin.cli.jvm.compiler.KotlinToJVMBytecodeCompiler$analyze$1.invoke(KotlinToJVMBytecodeCompiler.kt:247)
	at org.jetbrains.kotlin.cli.common.messages.AnalyzerWithCompilerReport.analyzeAndReport(AnalyzerWithCompilerReport.kt:115)
	at org.jetbrains.kotlin.cli.jvm.compiler.KotlinToJVMBytecodeCompiler.analyze(KotlinToJVMBytecodeCompiler.kt:247)
	at org.jetbrains.kotlin.cli.jvm.compiler.KotlinToJVMBytecodeCompiler.compileModules$cli(KotlinToJVMBytecodeCompiler.kt:87)
	at org.jetbrains.kotlin.cli.jvm.compiler.KotlinToJVMBytecodeCompiler.compileModules$cli$default(KotlinToJVMBytecodeCompiler.kt:43)
	at org.jetbrains.kotlin.cli.jvm.K2JVMCompiler.doExecute(K2JVMCompiler.kt:165)
	at org.jetbrains.kotlin.cli.jvm.K2JVMCompiler.doExecute(K2JVMCompiler.kt:50)
	at org.jetbrains.kotlin.cli.common.CLICompiler.execImpl(CLICompiler.kt:104)
	at org.jetbrains.kotlin.cli.common.CLICompiler.execImpl(CLICompiler.kt:48)
	at org.jetbrains.kotlin.cli.common.CLITool.exec(CLITool.kt:101)
	at org.jetbrains.kotlin.incremental.IncrementalJvmCompilerRunner.runCompiler(IncrementalJvmCompilerRunner.kt:463)
	at org.jetbrains.kotlin.incremental.IncrementalJvmCompilerRunner.runCompiler(IncrementalJvmCompilerRunner.kt:62)
	at org.jetbrains.kotlin.incremental.IncrementalCompilerRunner.doCompile(IncrementalCompilerRunner.kt:477)
	at org.jetbrains.kotlin.incremental.IncrementalCompilerRunner.compileImpl(IncrementalCompilerRunner.kt:400)
	at org.jetbrains.kotlin.incremental.IncrementalCompilerRunner.tryCompileIncrementally$lambda$6$compile(IncrementalCompilerRunner.kt:231)
	at org.jetbrains.kotlin.incremental.IncrementalCompilerRunner.tryCompileIncrementally(IncrementalCompilerRunner.kt:247)
	at org.jetbrains.kotlin.incremental.IncrementalCompilerRunner.compile(IncrementalCompilerRunner.kt:116)
	at org.jetbrains.kotlin.daemon.CompileServiceImplBase.execIncrementalCompiler(CompileServiceImpl.kt:657)
	at org.jetbrains.kotlin.daemon.CompileServiceImplBase.access$execIncrementalCompiler(CompileServiceImpl.kt:105)
	at org.jetbrains.kotlin.daemon.CompileServiceImpl.compile(CompileServiceImpl.kt:1624)
	at java.base/jdk.internal.reflect.NativeMethodAccessorImpl.invoke0(Native Method)
	at java.base/jdk.internal.reflect.NativeMethodAccessorImpl.invoke(NativeMethodAccessorImpl.java:77)
	at java.base/jdk.internal.reflect.DelegatingMethodAccessorImpl.invoke(DelegatingMethodAccessorImpl.java:43)
	at java.base/java.lang.reflect.Method.invoke(Method.java:569)
	at java.rmi/sun.rmi.server.UnicastServerRef.dispatch(UnicastServerRef.java:360)
	at java.rmi/sun.rmi.transport.Transport$1.run(Transport.java:200)
	at java.rmi/sun.rmi.transport.Transport$1.run(Transport.java:197)
	at java.base/java.security.AccessController.doPrivileged(AccessController.java:712)
	at java.rmi/sun.rmi.transport.Transport.serviceCall(Transport.java:196)
	at java.rmi/sun.rmi.transport.tcp.TCPTransport.handleMessages(TCPTransport.java:587)
	at java.rmi/sun.rmi.transport.tcp.TCPTransport$ConnectionHandler.run0(TCPTransport.java:828)
	at java.rmi/sun.rmi.transport.tcp.TCPTransport$ConnectionHandler.lambda$run$0(TCPTransport.java:705)
	at java.base/java.security.AccessController.doPrivileged(AccessController.java:399)
	at java.rmi/sun.rmi.transport.tcp.TCPTransport$ConnectionHandler.run(TCPTransport.java:704)
	at java.base/java.util.concurrent.ThreadPoolExecutor.runWorker(ThreadPoolExecutor.java:1136)
	at java.base/java.util.concurrent.ThreadPoolExecutor$Worker.run(ThreadPoolExecutor.java:635)
	at java.base/java.lang.Thread.run(Thread.java:840)

----
expression.kt
<File name: QrScanAndSettingsScreens.kt, Physical: true>
// ŌĢÉŌĢÉŌĢÉŌĢÉŌĢÉŌĢÉŌĢÉŌĢÉŌĢÉŌĢÉŌĢÉŌĢÉŌĢÉŌĢÉŌĢÉŌĢÉŌĢÉŌĢÉŌĢÉŌĢÉŌĢÉŌĢÉŌĢÉŌĢÉŌĢÉŌĢÉŌĢÉŌĢÉŌĢÉŌĢÉŌĢÉŌĢÉŌĢÉŌĢÉŌĢÉŌĢÉŌĢÉŌĢÉŌĢÉŌĢÉŌĢÉŌĢÉŌĢÉŌĢÉŌĢÉŌĢÉŌĢÉŌĢÉŌĢÉŌĢÉŌĢÉŌĢÉŌĢÉŌĢÉŌĢÉŌĢÉŌĢÉŌĢÉŌĢÉŌĢÉŌĢÉŌĢÉŌĢÉŌĢÉŌĢÉŌĢÉŌĢÉŌĢÉŌĢÉŌĢÉŌĢÉŌĢÉŌĢÉŌĢÉŌĢÉŌĢÉŌĢÉŌĢÉ
// QR SCAN SCREEN
// ŌĢÉŌĢÉŌĢÉŌĢÉŌĢÉŌĢÉŌĢÉŌĢÉŌĢÉŌĢÉŌĢÉŌĢÉŌĢÉŌĢÉŌĢÉŌĢÉŌĢÉŌĢÉŌĢÉŌĢÉŌĢÉŌĢÉŌĢÉŌĢÉŌĢÉŌĢÉŌĢÉŌĢÉŌĢÉŌĢÉŌĢÉŌĢÉŌĢÉŌĢÉŌĢÉŌĢÉŌĢÉŌĢÉŌĢÉŌĢÉŌĢÉŌĢÉŌĢÉŌĢÉŌĢÉŌĢÉŌĢÉŌĢÉŌĢÉŌĢÉŌĢÉŌĢÉŌĢÉŌĢÉŌĢÉŌĢÉŌĢÉŌĢÉŌĢÉŌĢÉŌĢÉŌĢÉŌĢÉŌĢÉŌĢÉŌĢÉŌĢÉŌĢÉŌĢÉŌĢÉŌĢÉŌĢÉŌĢÉŌĢÉŌĢÉŌĢÉŌĢÉŌĢÉ
@OptIn(ExperimentalMaterial3Api::class)
@Composable
fun QrScanScreen(
    onBack: () -> Unit,
    onScanSuccess: (String) -> Unit,  // passes identityHash hex to confirmation screen
    viewModel: QrScanViewModel = hiltViewModel()
) {
    val context = LocalContext.current
    val scanState by <ELEMENT>viewModel.scanState.collectAsState()</ELEMENT>
    val snackbarHostState = remember { SnackbarHostState() }

    var hasCameraPermission by remember {
        mutableStateOf(ContextCompat.checkSelfPermission(context, Manifest.permission.CAMERA) == PackageManager.PERMISSION_GRANTED)
    }

    val permissionLauncher = rememberLauncherForActivityResult(
        ActivityResultContracts.RequestPermission()
    ) { granted -> hasCameraPermission = granted }

    LaunchedEffect(Unit) {
        if (!hasCameraPermission) permissionLauncher.launch(Manifest.permission.CAMERA)
    }

    LaunchedEffect(scanState) {
        when (val s = scanState) {
            is ScanState.Success -> {
                // Navigate to confirmation with base64-encoded public key
                val pubKeyB64 = android.util.Base64.encodeToString(
                    s.result.publicKeyBytes, android.util.Base64.URL_SAFE or android.util.Base64.NO_PADDING or android.util.Base64.NO_WRAP
                )
                onScanSuccess(pubKeyB64)
                viewModel.reset()
            }
            is ScanState.Error -> snackbarHostState.showSnackbar(s.message)
            else -> {}
        }
    }

    var showManualEntry by remember { mutableStateOf(false) }
    var manualCode by remember { mutableStateOf("") }
    var keyboardVisible by remember { mutableStateOf(false) }

    // Auto-open keyboard when manual entry mode is activated
    LaunchedEffect(showManualEntry) {
        if (showManualEntry && !keyboardVisible) {
            keyboardVisible = true
        }
    }

    Scaffold(
        snackbarHost = { SnackbarHost(snackbarHostState) },
        topBar = {
            TopAppBar(
                title = { Text(if (showManualEntry) "Enter Code" else "Scan QR Code") },
                navigationIcon = { IconButton(onClick = onBack) { Icon(Icons.Filled.ArrowBack, "Back") } },
                actions = {
                    IconButton(onClick = { showManualEntry = !showManualEntry }) {
                        Icon(
                            if (showManualEntry) Icons.Filled.CameraAlt else Icons.Filled.Keyboard,
                            contentDescription = if (showManualEntry) "Switch to camera scan" else "Enter code manually"
                        )
                    }
                }
            )
        },
        bottomBar = {
            if (showManualEntry) {
                SecureKeyboard(
                    visible = keyboardVisible,
                    onKeyPress = { key -> manualCode += key },
                    onBackspace = { if (manualCode.isNotEmpty()) manualCode = manualCode.dropLast(1) },
                    onDone = { keyboardVisible = false },
                    onToggle = { keyboardVisible = !keyboardVisible }
                )
            }
        }
    ) { padding ->
        Box(modifier = Modifier.fillMaxSize().padding(padding)) {
            if (showManualEntry) {
                Column(
                    modifier = Modifier
                        .fillMaxSize()
                        .padding(24.dp),
                    verticalArrangement = Arrangement.spacedBy(16.dp)
                ) {
                    Text("Enter contact code manually", style = MaterialTheme.typography.titleMedium)
                    Text(
                        "Paste the cryptika:// code shared by your contact.",
                        style = MaterialTheme.typography.bodyMedium,
                        color = MaterialTheme.colorScheme.onSurfaceVariant
                    )
                    OutlinedTextField(
                        value = manualCode,
                        onValueChange = { /* handled by secure keyboard */ },
                        label = { Text("Contact code") },
                        placeholder = { Text("cryptika://id/v1/...") },
                        modifier = Modifier
                            .fillMaxWidth()
                            .clickable { keyboardVisible = true },
                        minLines = 3,
                        maxLines = 6,
                        readOnly = true
                    )
                    Button(
                        onClick = {
                            val code = manualCode.trim()
                            if (code.isNotEmpty()) viewModel.processQrResult(code)
                        },
                        modifier = Modifier.fillMaxWidth(),
                        enabled = manualCode.isNotBlank()
                    ) { Text("Add Contact") }
                }
            } else if (hasCameraPermission) {
                CameraPreview(
                    modifier = Modifier.fillMaxSize(),
                    onQrCodeDetected = { raw -> viewModel.processQrResult(raw) }
                )
                // Scanning overlay
                ScanningOverlay()
            } else {
                Box(Modifier.fillMaxSize(), contentAlignment = Alignment.Center) {
                    Column(horizontalAlignment = Alignment.CenterHorizontally, verticalArrangement = Arrangement.spacedBy(16.dp)) {
                        Icon(Icons.Filled.CameraAlt, null, modifier = Modifier.size(64.dp),
                            tint = MaterialTheme.colorScheme.onSurfaceVariant)
                        Text("Camera permission required")
                        Button(onClick = { permissionLauncher.launch(Manifest.permission.CAMERA) }) {
                            Text("Grant Permission")
                        }
                    }
                }
            }
        }
    }
}
	at org.jetbrains.kotlin.types.expressions.ExpressionTypingVisitorDispatcher.logOrThrowException(ExpressionTypingVisitorDispatcher.java:261)
	at org.jetbrains.kotlin.types.expressions.ExpressionTypingVisitorDispatcher.lambda$getTypeInfo$0(ExpressionTypingVisitorDispatcher.java:225)
	at org.jetbrains.kotlin.util.PerformanceCounter.time(PerformanceCounter.kt:90)
	at org.jetbrains.kotlin.types.expressions.ExpressionTypingVisitorDispatcher.getTypeInfo(ExpressionTypingVisitorDispatcher.java:165)
	at org.jetbrains.kotlin.types.expressions.ExpressionTypingVisitorDispatcher.getTypeInfo(ExpressionTypingVisitorDispatcher.java:135)
	at org.jetbrains.kotlin.types.expressions.ExpressionTypingVisitorDispatcher.getTypeInfo(ExpressionTypingVisitorDispatcher.java:147)
	at org.jetbrains.kotlin.types.expressions.ExpressionTypingServices.getTypeInfo(ExpressionTypingServices.java:121)
	at org.jetbrains.kotlin.resolve.DelegatedPropertyResolver.resolveWithNewInference(DelegatedPropertyResolver.kt:575)
	at org.jetbrains.kotlin.resolve.DelegatedPropertyResolver.resolveDelegateExpression(DelegatedPropertyResolver.kt:508)
	at org.jetbrains.kotlin.resolve.VariableTypeAndInitializerResolver$resolveDelegatedPropertyType$1.invoke(VariableTypeAndInitializerResolver.kt:154)
	at org.jetbrains.kotlin.resolve.VariableTypeAndInitializerResolver$resolveDelegatedPropertyType$1.invoke(VariableTypeAndInitializerResolver.kt:152)
	at org.jetbrains.kotlin.storage.LockBasedStorageManager$LockBasedLazyValue.invoke(LockBasedStorageManager.java:408)
	at org.jetbrains.kotlin.storage.LockBasedStorageManager$LockBasedNotNullLazyValue.invoke(LockBasedStorageManager.java:527)
	at org.jetbrains.kotlin.types.DeferredType.getDelegate(DeferredType.java:108)
	at org.jetbrains.kotlin.types.WrappedType.getAttributes(KotlinType.kt:135)
	at org.jetbrains.kotlin.types.KotlinType.getAnnotations(KotlinType.kt:57)
	at org.jetbrains.kotlin.resolve.LocalVariableResolver.resolveLocalVariableDescriptor(LocalVariableResolver.kt:208)
	at org.jetbrains.kotlin.resolve.LocalVariableResolver.process(LocalVariableResolver.kt:80)
	at org.jetbrains.kotlin.types.expressions.ExpressionTypingVisitorForStatements.visitProperty(ExpressionTypingVisitorForStatements.java:122)
	at org.jetbrains.kotlin.types.expressions.ExpressionTypingVisitorForStatements.visitProperty(ExpressionTypingVisitorForStatements.java:73)
	at org.jetbrains.kotlin.psi.KtProperty.accept(KtProperty.java:58)
	at org.jetbrains.kotlin.types.expressions.ExpressionTypingVisitorDispatcher.lambda$getTypeInfo$0(ExpressionTypingVisitorDispatcher.java:176)
	at org.jetbrains.kotlin.util.PerformanceCounter.time(PerformanceCounter.kt:90)
	at org.jetbrains.kotlin.types.expressions.ExpressionTypingVisitorDispatcher.getTypeInfo(ExpressionTypingVisitorDispatcher.java:165)
	at org.jetbrains.kotlin.types.expressions.ExpressionTypingVisitorDispatcher.getTypeInfo(ExpressionTypingVisitorDispatcher.java:148)
	at org.jetbrains.kotlin.types.expressions.ExpressionTypingServices.getBlockReturnedTypeWithWritableScope(ExpressionTypingServices.java:342)
	at org.jetbrains.kotlin.types.expressions.ExpressionTypingServices.getBlockReturnedType(ExpressionTypingServices.java:207)
	at org.jetbrains.kotlin.types.expressions.ExpressionTypingServices.getBlockReturnedType(ExpressionTypingServices.java:184)
	at org.jetbrains.kotlin.types.expressions.ExpressionTypingVisitorForStatements.visitBlockExpression(ExpressionTypingVisitorForStatements.java:586)
	at org.jetbrains.kotlin.types.expressions.ExpressionTypingVisitorForStatements.visitBlockExpression(ExpressionTypingVisitorForStatements.java:73)
	at org.jetbrains.kotlin.psi.KtBlockExpression.accept(KtBlockExpression.java:79)
	at org.jetbrains.kotlin.types.expressions.ExpressionTypingVisitorDispatcher.lambda$getTypeInfo$0(ExpressionTypingVisitorDispatcher.java:176)
	at org.jetbrains.kotlin.util.PerformanceCounter.time(PerformanceCounter.kt:90)
	at org.jetbrains.kotlin.types.expressions.ExpressionTypingVisitorDispatcher.getTypeInfo(ExpressionTypingVisitorDispatcher.java:165)
	at org.jetbrains.kotlin.types.expressions.ExpressionTypingVisitorDispatcher.getTypeInfo(ExpressionTypingVisitorDispatcher.java:148)
	at org.jetbrains.kotlin.types.expressions.ExpressionTypingServices.checkFunctionReturnType(ExpressionTypingServices.java:179)
	at org.jetbrains.kotlin.types.expressions.ExpressionTypingServices.checkFunctionReturnType(ExpressionTypingServices.java:166)
	at org.jetbrains.kotlin.resolve.BodyResolver.resolveFunctionBody(BodyResolver.java:1054)
	at org.jetbrains.kotlin.resolve.BodyResolver.resolveFunctionBody(BodyResolver.java:997)
	at org.jetbrains.kotlin.resolve.BodyResolver.resolveFunctionBodies(BodyResolver.java:982)
	at org.jetbrains.kotlin.resolve.BodyResolver.resolveBehaviorDeclarationBodies(BodyResolver.java:129)
	at org.jetbrains.kotlin.resolve.BodyResolver.resolveBodies(BodyResolver.java:256)
	at org.jetbrains.kotlin.resolve.LazyTopDownAnalyzer.analyzeDeclarations(LazyTopDownAnalyzer.kt:227)
	at org.jetbrains.kotlin.resolve.LazyTopDownAnalyzer.analyzeDeclarations$default(LazyTopDownAnalyzer.kt:58)
	at org.jetbrains.kotlin.cli.jvm.compiler.TopDownAnalyzerFacadeForJVM.analyzeFilesWithJavaIntegration(TopDownAnalyzerFacadeForJVM.kt:119)
	at org.jetbrains.kotlin.cli.jvm.compiler.TopDownAnalyzerFacadeForJVM.analyzeFilesWithJavaIntegration$default(TopDownAnalyzerFacadeForJVM.kt:77)
	at org.jetbrains.kotlin.cli.jvm.compiler.KotlinToJVMBytecodeCompiler$analyze$1.invoke(KotlinToJVMBytecodeCompiler.kt:256)
	at org.jetbrains.kotlin.cli.jvm.compiler.KotlinToJVMBytecodeCompiler$analyze$1.invoke(KotlinToJVMBytecodeCompiler.kt:247)
	at org.jetbrains.kotlin.cli.common.messages.AnalyzerWithCompilerReport.analyzeAndReport(AnalyzerWithCompilerReport.kt:115)
	at org.jetbrains.kotlin.cli.jvm.compiler.KotlinToJVMBytecodeCompiler.analyze(KotlinToJVMBytecodeCompiler.kt:247)
	at org.jetbrains.kotlin.cli.jvm.compiler.KotlinToJVMBytecodeCompiler.compileModules$cli(KotlinToJVMBytecodeCompiler.kt:87)
	at org.jetbrains.kotlin.cli.jvm.compiler.KotlinToJVMBytecodeCompiler.compileModules$cli$default(KotlinToJVMBytecodeCompiler.kt:43)
	at org.jetbrains.kotlin.cli.jvm.K2JVMCompiler.doExecute(K2JVMCompiler.kt:165)
	at org.jetbrains.kotlin.cli.jvm.K2JVMCompiler.doExecute(K2JVMCompiler.kt:50)
	at org.jetbrains.kotlin.cli.common.CLICompiler.execImpl(CLICompiler.kt:104)
	at org.jetbrains.kotlin.cli.common.CLICompiler.execImpl(CLICompiler.kt:48)
	at org.jetbrains.kotlin.cli.common.CLITool.exec(CLITool.kt:101)
	at org.jetbrains.kotlin.incremental.IncrementalJvmCompilerRunner.runCompiler(IncrementalJvmCompilerRunner.kt:463)
	at org.jetbrains.kotlin.incremental.IncrementalJvmCompilerRunner.runCompiler(IncrementalJvmCompilerRunner.kt:62)
	at org.jetbrains.kotlin.incremental.IncrementalCompilerRunner.doCompile(IncrementalCompilerRunner.kt:477)
	at org.jetbrains.kotlin.incremental.IncrementalCompilerRunner.compileImpl(IncrementalCompilerRunner.kt:400)
	at org.jetbrains.kotlin.incremental.IncrementalCompilerRunner.tryCompileIncrementally$lambda$6$compile(IncrementalCompilerRunner.kt:231)
	at org.jetbrains.kotlin.incremental.IncrementalCompilerRunner.tryCompileIncrementally(IncrementalCompilerRunner.kt:247)
	at org.jetbrains.kotlin.incremental.IncrementalCompilerRunner.compile(IncrementalCompilerRunner.kt:116)
	at org.jetbrains.kotlin.daemon.CompileServiceImplBase.execIncrementalCompiler(CompileServiceImpl.kt:657)
	at org.jetbrains.kotlin.daemon.CompileServiceImplBase.access$execIncrementalCompiler(CompileServiceImpl.kt:105)
	at org.jetbrains.kotlin.daemon.CompileServiceImpl.compile(CompileServiceImpl.kt:1624)
	at java.base/jdk.internal.reflect.NativeMethodAccessorImpl.invoke0(Native Method)
	at java.base/jdk.internal.reflect.NativeMethodAccessorImpl.invoke(NativeMethodAccessorImpl.java:77)
	at java.base/jdk.internal.reflect.DelegatingMethodAccessorImpl.invoke(DelegatingMethodAccessorImpl.java:43)
	at java.base/java.lang.reflect.Method.invoke(Method.java:569)
	at java.rmi/sun.rmi.server.UnicastServerRef.dispatch(UnicastServerRef.java:360)
	at java.rmi/sun.rmi.transport.Transport$1.run(Transport.java:200)
	at java.rmi/sun.rmi.transport.Transport$1.run(Transport.java:197)
	at java.base/java.security.AccessController.doPrivileged(AccessController.java:712)
	at java.rmi/sun.rmi.transport.Transport.serviceCall(Transport.java:196)
	at java.rmi/sun.rmi.transport.tcp.TCPTransport.handleMessages(TCPTransport.java:587)
	at java.rmi/sun.rmi.transport.tcp.TCPTransport$ConnectionHandler.run0(TCPTransport.java:828)
	at java.rmi/sun.rmi.transport.tcp.TCPTransport$ConnectionHandler.lambda$run$0(TCPTransport.java:705)
	at java.base/java.security.AccessController.doPrivileged(AccessController.java:399)
	at java.rmi/sun.rmi.transport.tcp.TCPTransport$ConnectionHandler.run(TCPTransport.java:704)
	at java.base/java.util.concurrent.ThreadPoolExecutor.runWorker(ThreadPoolExecutor.java:1136)
	at java.base/java.util.concurrent.ThreadPoolExecutor$Worker.run(ThreadPoolExecutor.java:635)
	at java.base/java.lang.Thread.run(Thread.java:840)
Caused by: java.io.FileNotFoundException: E:\MY HARD W0RK\NITH\HackSecureMessenger\app\build\tmp\kotlin-classes\release\com\cryptika\messenger\presentation\viewmodel\ScanState.class (The system cannot find the path specified)
	at java.base/java.io.FileInputStream.open0(Native Method)
	at java.base/java.io.FileInputStream.open(FileInputStream.java:216)
	at java.base/java.io.FileInputStream.<init>(FileInputStream.java:157)
	at org.jetbrains.kotlin.com.intellij.openapi.util.io.FileUtil.loadFileBytes(FileUtil.java:204)
	at org.jetbrains.kotlin.com.intellij.openapi.vfs.local.CoreLocalVirtualFile.contentsToByteArray(CoreLocalVirtualFile.java:98)
	at org.jetbrains.kotlin.cli.jvm.compiler.KotlinCliJavaFileManagerImpl.findClass(KotlinCliJavaFileManagerImpl.kt:127)
	at org.jetbrains.kotlin.resolve.jvm.KotlinJavaPsiFacade$CliFinder.findClass(KotlinJavaPsiFacade.java:535)
	at org.jetbrains.kotlin.resolve.jvm.KotlinJavaPsiFacade.findClass(KotlinJavaPsiFacade.java:187)
	at org.jetbrains.kotlin.load.java.JavaClassFinderImpl.findClass(JavaClassFinderImpl.kt:46)
	at org.jetbrains.kotlin.load.java.lazy.descriptors.LazyJavaPackageScope$classes$1.invoke(LazyJavaPackageScope.kt:81)
	at org.jetbrains.kotlin.load.java.lazy.descriptors.LazyJavaPackageScope$classes$1.invoke(LazyJavaPackageScope.kt:59)
	at org.jetbrains.kotlin.storage.LockBasedStorageManager$MapBasedMemoizedFunction.invoke(LockBasedStorageManager.java:578)
	at org.jetbrains.kotlin.load.java.lazy.descriptors.LazyJavaPackageScope.findClassifier(LazyJavaPackageScope.kt:146)
	at org.jetbrains.kotlin.load.java.lazy.descriptors.LazyJavaPackageScope.getContributedClassifier(LazyJavaPackageScope.kt:136)
	at org.jetbrains.kotlin.load.java.lazy.descriptors.JvmPackageScope.getContributedClassifier(JvmPackageScope.kt:55)
	at org.jetbrains.kotlin.resolve.scopes.ChainedMemberScope.getContributedClassifier(ChainedMemberScope.kt:35)
	at org.jetbrains.kotlin.resolve.scopes.AbstractScopeAdapter.getContributedClassifier(AbstractScopeAdapter.kt:44)
	at org.jetbrains.kotlin.descriptors.FindClassInModuleKt.findClassifierAcrossModuleDependencies(findClassInModule.kt:26)
	at org.jetbrains.kotlin.serialization.deserialization.TypeDeserializer.computeClassifierDescriptor(TypeDeserializer.kt:263)
	at org.jetbrains.kotlin.serialization.deserialization.TypeDeserializer.access$computeClassifierDescriptor(TypeDeserializer.kt:28)
	at org.jetbrains.kotlin.serialization.deserialization.TypeDeserializer$classifierDescriptors$1.invoke(TypeDeserializer.kt:37)
	at org.jetbrains.kotlin.serialization.deserialization.TypeDeserializer$classifierDescriptors$1.invoke(TypeDeserializer.kt:36)
	at org.jetbrains.kotlin.storage.LockBasedStorageManager$MapBasedMemoizedFunction.invoke(LockBasedStorageManager.java:578)
	at org.jetbrains.kotlin.serialization.deserialization.TypeDeserializer.typeConstructor(TypeDeserializer.kt:156)
	at org.jetbrains.kotlin.serialization.deserialization.TypeDeserializer.simpleType(TypeDeserializer.kt:91)
	at org.jetbrains.kotlin.serialization.deserialization.TypeDeserializer.type(TypeDeserializer.kt:68)
	at org.jetbrains.kotlin.serialization.deserialization.TypeDeserializer.typeArgument(TypeDeserializer.kt:295)
	at org.jetbrains.kotlin.serialization.deserialization.TypeDeserializer.simpleType(TypeDeserializer.kt:106)
	at org.jetbrains.kotlin.serialization.deserialization.TypeDeserializer.type(TypeDeserializer.kt:68)
	at org.jetbrains.kotlin.serialization.deserialization.MemberDeserializer.loadProperty(MemberDeserializer.kt:57)
	at org.jetbrains.kotlin.serialization.deserialization.descriptors.DeserializedMemberScope$OptimizedImplementation.computeProperties(DeserializedMemberScope.kt:314)
	at org.jetbrains.kotlin.serialization.deserialization.descriptors.DeserializedMemberScope$OptimizedImplementation.access$computeProperties(DeserializedMemberScope.kt:228)
	at org.jetbrains.kotlin.serialization.deserialization.descriptors.DeserializedMemberScope$OptimizedImplementation$properties$1.invoke(DeserializedMemberScope.kt:253)
	at org.jetbrains.kotlin.serialization.deserialization.descriptors.DeserializedMemberScope$OptimizedImplementation$properties$1.invoke(DeserializedMemberScope.kt:253)
	at org.jetbrains.kotlin.storage.LockBasedStorageManager$MapBasedMemoizedFunction.invoke(LockBasedStorageManager.java:578)
	at org.jetbrains.kotlin.storage.LockBasedStorageManager$MapBasedMemoizedFunctionToNotNull.invoke(LockBasedStorageManager.java:681)
	at org.jetbrains.kotlin.serialization.deserialization.descriptors.DeserializedMemberScope$OptimizedImplementation.getContributedVariables(DeserializedMemberScope.kt:338)
	at org.jetbrains.kotlin.serialization.deserialization.descriptors.DeserializedMemberScope.getContributedVariables(DeserializedMemberScope.kt:99)
	at org.jetbrains.kotlin.serialization.deserialization.descriptors.DeserializedClassDescriptor$DeserializedClassMemberScope.getContributedVariables(DeserializedClassDescriptor.kt:296)
	at org.jetbrains.kotlin.resolve.calls.tower.TowerLevelsKt.getContributedVariablesAndIntercept(TowerLevels.kt:498)
	at org.jetbrains.kotlin.resolve.calls.tower.TowerLevelsKt.access$getContributedVariablesAndIntercept(TowerLevels.kt:1)
	at org.jetbrains.kotlin.resolve.calls.tower.MemberScopeTowerLevel$getVariables$1.invoke(TowerLevels.kt:179)
	at org.jetbrains.kotlin.resolve.calls.tower.MemberScopeTowerLevel$getVariables$1.invoke(TowerLevels.kt:179)
	at org.jetbrains.kotlin.resolve.calls.tower.MemberScopeTowerLevel.collectMembers(TowerLevels.kt:106)
	at org.jetbrains.kotlin.resolve.calls.tower.MemberScopeTowerLevel.getVariables(TowerLevels.kt:179)
	at org.jetbrains.kotlin.resolve.calls.tower.ScopeTowerProcessorsKt$createVariableProcessor$1.invoke(ScopeTowerProcessors.kt:291)
	at org.jetbrains.kotlin.resolve.calls.tower.ScopeTowerProcessorsKt$createVariableProcessor$1.invoke(ScopeTowerProcessors.kt:291)
	at org.jetbrains.kotlin.resolve.calls.tower.ExplicitReceiverScopeTowerProcessor.simpleProcess(ScopeTowerProcessors.kt:148)
	at org.jetbrains.kotlin.resolve.calls.tower.SimpleScopeTowerProcessor.process(ScopeTowerProcessors.kt:109)
	at org.jetbrains.kotlin.resolve.calls.tower.VariableAndObjectScopeTowerProcessor.process(ScopeTowerProcessors.kt:54)
	at org.jetbrains.kotlin.resolve.calls.tower.TowerResolver.processTowerData(TowerResolver.kt:383)
	at org.jetbrains.kotlin.resolve.calls.tower.TowerResolver.access$processTowerData(TowerResolver.kt:95)
	at org.jetbrains.kotlin.resolve.calls.tower.TowerResolver$Task.process(TowerResolver.kt:207)
	at org.jetbrains.kotlin.resolve.calls.tower.TowerResolver$Task.run(TowerResolver.kt:226)
	at org.jetbrains.kotlin.resolve.calls.tower.TowerResolver.run(TowerResolver.kt:114)
	at org.jetbrains.kotlin.resolve.calls.tower.TowerResolver.runResolve(TowerResolver.kt:101)
	at org.jetbrains.kotlin.resolve.calls.KotlinCallResolver.resolveCall(KotlinCallResolver.kt:184)
	at org.jetbrains.kotlin.resolve.calls.KotlinCallResolver.resolveAndCompleteCall(KotlinCallResolver.kt:41)
	at org.jetbrains.kotlin.resolve.calls.tower.PSICallResolver.runResolutionAndInference(PSICallResolver.kt:114)
	at org.jetbrains.kotlin.resolve.calls.CallResolver.doResolveCallOrGetCachedResults(CallResolver.java:602)
	at org.jetbrains.kotlin.resolve.calls.CallResolver.lambda$computeTasksAndResolveCall$0(CallResolver.java:213)
	at org.jetbrains.kotlin.util.PerformanceCounter.time(PerformanceCounter.kt:90)
	at org.jetbrains.kotlin.resolve.calls.CallResolver.computeTasksAndResolveCall(CallResolver.java:211)
	at org.jetbrains.kotlin.resolve.calls.CallResolver.computeTasksAndResolveCall(CallResolver.java:199)
	at org.jetbrains.kotlin.resolve.calls.CallResolver.resolveSimpleProperty(CallResolver.java:140)
	at org.jetbrains.kotlin.resolve.calls.CallExpressionResolver.getVariableType(CallExpressionResolver.kt:109)
	at org.jetbrains.kotlin.resolve.calls.CallExpressionResolver.getSimpleNameExpressionTypeInfo(CallExpressionResolver.kt:144)
	at org.jetbrains.kotlin.resolve.calls.CallExpressionResolver.getUnsafeSelectorTypeInfo(CallExpressionResolver.kt:335)
	at org.jetbrains.kotlin.resolve.calls.CallExpressionResolver.getSafeOrUnsafeSelectorTypeInfo(CallExpressionResolver.kt:382)
	at org.jetbrains.kotlin.resolve.calls.CallExpressionResolver.getQualifiedExpressionTypeInfo(CallExpressionResolver.kt:480)
	at org.jetbrains.kotlin.types.expressions.BasicExpressionTypingVisitor.visitQualifiedExpression(BasicExpressionTypingVisitor.java:725)
	at org.jetbrains.kotlin.types.expressions.ExpressionTypingVisitorDispatcher.visitQualifiedExpression(ExpressionTypingVisitorDispatcher.java:391)
	at org.jetbrains.kotlin.types.expressions.ExpressionTypingVisitorDispatcher$ForDeclarations.visitQualifiedExpression(ExpressionTypingVisitorDispatcher.java:47)
	at org.jetbrains.kotlin.psi.KtVisitor.visitDotQualifiedExpression(KtVisitor.java:306)
	at org.jetbrains.kotlin.psi.KtDotQualifiedExpression.accept(KtDotQualifiedExpression.kt:33)
	at org.jetbrains.kotlin.types.expressions.ExpressionTypingVisitorDispatcher.lambda$getTypeInfo$0(ExpressionTypingVisitorDispatcher.java:176)
	... 82 more


